<?xml version="1.0" encoding="UTF-8"?>
<!-- Generated by org.testng.reporters.JUnitXMLReporter -->
<testsuite ignored="2" hostname="LAPTOP-T7PI7EN2" failures="0" tests="3" name="Test" time="62.024" errors="0" timestamp="2024-01-19T19:08:27 IST">
  <testcase classname="testcases.LoginTest" name="login" time="42.119"/>
  <testcase classname="testcases.ShopTest" name="search" time="9.717"/>
  <testcase classname="testcases.ShopTest" name="search" time="2.589"/>
  <testcase classname="core.Page" name="@AfterTest closeBrowser" time="0.0">
    <ignored/>
  </testcase> <!-- @AfterTest closeBrowser -->
  <testcase classname="core.Page" name="@BeforeTest openBrowser" time="0.0">
    <ignored/>
  </testcase> <!-- @BeforeTest openBrowser -->
</testsuite> <!-- Test -->
